<?xml version="1.0" encoding="UTF-8"?>
<!-- Generated by org.testng.reporters.JUnitReportReporter -->
<testsuite hostname="MSI" failures="0" tests="2" name="com.orangehrm.test.LoginPageTest" time="29.136" errors="0" timestamp="2025-04-28T18:03:30 IST" skipped="0">
  <testcase classname="com.orangehrm.test.LoginPageTest" name="verifyValidLoginTest" time="14.987"/>
  <system-out/>
  <testcase classname="com.orangehrm.test.LoginPageTest" name="inValidLoginTest" time="14.149"/>
  <system-out/>
</testsuite> <!-- com.orangehrm.test.LoginPageTest -->
