<?xml version="1.0" encoding="UTF-8"?>
<!-- Generated by org.testng.reporters.JUnitReportReporter -->
<testsuite hostname="LAPTOP-5P2VQG43" failures="0" tests="1" name="com.orangehrm.test.DummyClass" time="8.356" errors="0" timestamp="2025-05-10T21:22:19 IST" skipped="1">
  <testcase classname="com.orangehrm.test.DummyClass" name="dummyTest" time="8.356">
    <skipped/>
  </testcase> <!-- dummyTest -->
</testsuite> <!-- com.orangehrm.test.DummyClass -->
