<?xml version="1.0" encoding="UTF-8"?>
<!-- Generated by org.testng.reporters.JUnitReportReporter -->
<testsuite hostname="LAPTOP-5P2VQG43" failures="0" tests="1" name="com.orangehrm.test.DummyClass2" time="7.499" errors="0" timestamp="2025-05-10T19:56:13 IST" skipped="0">
  <testcase classname="com.orangehrm.test.DummyClass2" name="dummyTest" time="7.499"/>
</testsuite> <!-- com.orangehrm.test.DummyClass2 -->
