<?xml version="1.0" encoding="UTF-8"?>
<!-- Generated by org.testng.reporters.JUnitReportReporter -->
<testsuite hostname="MSI" failures="0" tests="1" name="com.orangehrm.test.HomePageTest" time="13.186" errors="0" timestamp="2025-04-28T18:03:30 IST" skipped="0">
  <testcase classname="com.orangehrm.test.HomePageTest" name="toVerfiyorangeHRMLogo" time="13.186"/>
  <system-out/>
</testsuite> <!-- com.orangehrm.test.HomePageTest -->
