<?xml version="1.0" encoding="UTF-8"?>
<!-- Generated by org.testng.reporters.JUnitReportReporter -->
<testsuite hostname="LAPTOP-5P2VQG43" failures="0" tests="2" name="com.orangehrm.test.HomePageTest" time="22.575" errors="0" timestamp="2025-05-10T19:56:13 IST" skipped="0">
  <testcase classname="com.orangehrm.test.HomePageTest" name="toVerfiyorangeHRMLogo" time="10.020"/>
  <testcase classname="com.orangehrm.test.HomePageTest" name="toVerfiyorangeHRMLogo" time="12.555"/>
</testsuite> <!-- com.orangehrm.test.HomePageTest -->
