<?xml version="1.0" encoding="UTF-8"?>
<!-- Generated by org.testng.reporters.JUnitReportReporter -->
<testsuite hostname="LAPTOP-5P2VQG43" failures="0" tests="1" name="com.orangehrm.test.ApiTest" time="5.478" errors="0" timestamp="2025-05-10T21:22:19 IST" skipped="0">
  <testcase classname="com.orangehrm.test.ApiTest" name="verifyGetUserAPI" time="5.478"/>
</testsuite> <!-- com.orangehrm.test.ApiTest -->
