<?xml version="1.0" encoding="UTF-8"?>
<!-- Generated by org.testng.reporters.JUnitReportReporter -->
<testsuite hostname="MSI" failures="0" tests="1" name="com.orangehrm.test.DummyClass" time="10.971" errors="0" timestamp="2025-04-28T18:03:30 IST" skipped="1">
  <testcase classname="com.orangehrm.test.DummyClass" name="dummyTest" time="10.971">
    <skipped/>
  </testcase> <!-- dummyTest -->
  <system-out/>
</testsuite> <!-- com.orangehrm.test.DummyClass -->
